W&B run: https://wandb.ai/strus-pn-ukrainian-catholic-university/furnishings_compatibility/runs/775m7bjg
Epoch  1/30  loss=0.6778  val_acc=0.774  val_loss=0.593 ★ best
Epoch  2/30  loss=0.3961  val_acc=0.785  val_loss=0.534 ★ best
Epoch  3/30  loss=0.2879  val_acc=0.782  val_loss=0.535
Epoch  4/30  loss=0.2436  val_acc=0.773  val_loss=0.530 ★ best
Epoch  5/30  loss=0.2145  val_acc=0.772  val_loss=0.533
Epoch  6/30  loss=0.1940  val_acc=0.773  val_loss=0.538
Epoch  7/30  loss=0.1800  val_acc=0.778  val_loss=0.528 ★ best
Epoch  8/30  loss=0.1642  val_acc=0.779  val_loss=0.529
Epoch  9/30  loss=0.1537  val_acc=0.780  val_loss=0.530
Epoch 10/30  loss=0.1420  val_acc=0.784  val_loss=0.526 ★ best
Epoch 11/30  loss=0.1323  val_acc=0.781  val_loss=0.525 ★ best
Epoch 12/30  loss=0.1259  val_acc=0.781  val_loss=0.522 ★ best
Epoch 13/30  loss=0.1195  val_acc=0.786  val_loss=0.516 ★ best
Epoch 14/30  loss=0.1126  val_acc=0.786  val_loss=0.520
Epoch 15/30  loss=0.1097  val_acc=0.790  val_loss=0.511 ★ best
Epoch 16/30  loss=0.1046  val_acc=0.795  val_loss=0.514
Epoch 17/30  loss=0.1017  val_acc=0.788  val_loss=0.513
Epoch 18/30  loss=0.0986  val_acc=0.794  val_loss=0.513
Epoch 19/30  loss=0.0962  val_acc=0.800  val_loss=0.504 ★ best
Epoch 20/30  loss=0.0927  val_acc=0.800  val_loss=0.499 ★ best
Epoch 21/30  loss=0.0908  val_acc=0.795  val_loss=0.509
Epoch 22/30  loss=0.0884  val_acc=0.799  val_loss=0.505
Epoch 23/30  loss=0.0870  val_acc=0.799  val_loss=0.506
Epoch 24/30  loss=0.0851  val_acc=0.797  val_loss=0.501
Epoch 25/30  loss=0.0833  val_acc=0.797  val_loss=0.502
Epoch 26/30  loss=0.0748  val_acc=0.800  val_loss=0.502
Epoch 27/30  loss=0.0729  val_acc=0.799  val_loss=0.500
Epoch 28/30  loss=0.0714  val_acc=0.800  val_loss=0.500
Epoch 29/30  loss=0.0707  val_acc=0.798  val_loss=0.502
Epoch 30/30  loss=0.0708  val_acc=0.798  val_loss=0.502

Done. Best val_loss=0.4991 at epoch 20
Loaded best checkpoint from epoch 20

Evaluating best model on val set ...
Evaluating best model on golden set ...
==========================================================================================
Metric                           BL Val    BL Gold     Tr Val    Tr Gold      D Val     D Gold
------------------------------------------------------------------------------------------
loss                             0.9787     0.9766     0.4991     0.4743    -0.4796    -0.5023
triplet_accuracy                 0.5847     0.5815     0.8004     0.8152    +0.2157    +0.2337
margin_satisfied                 0.0000     0.0000     0.3604     0.3641    +0.3604    +0.3641
pos_dist_mean                    0.7254     0.7265     0.7744     0.7700    +0.0490    +0.0435
neg_dist_mean                    0.7467     0.7500     1.3959     1.4120    +0.6492    +0.6620
dist_gap_mean                    0.0213     0.0234     0.6215     0.6420    +0.6002    +0.6185
recall@1                         0.2647     0.2518     0.6080     0.6288    +0.3433    +0.3770
recall@2                         0.4485     0.4268     0.7386     0.7642    +0.2901    +0.3374
recall@3                         0.5991     0.6000     0.8261     0.8396    +0.2270    +0.2396
recall@4                         0.7453     0.7508     0.8870     0.8978    +0.1417    +0.1470
recall@5                         0.8660     0.8780     0.9424     0.9457    +0.0764    +0.0677
MRR                              0.4898     0.4805     0.7384     0.7548    +0.2486    +0.2743
scene_recall@5                   0.0410     0.0500     0.4259     0.3673    +0.3849    +0.3173
scene_recall@10                  0.0915     0.0827     0.5079     0.4635    +0.4164    +0.3808
scene_recall@15                  0.1167     0.1192     0.5521     0.5077    +0.4353    +0.3885
scene_recall@20                  0.1388     0.1365     0.6088     0.5462    +0.4700    +0.4096
scene_recall@25                  0.1830     0.1538     0.6341     0.5904    +0.4511    +0.4365
scene_recall@30                  0.2177     0.1846     0.6498     0.6288    +0.4322    +0.4442
==========================================================================================
